<?xml version="1.0" encoding="UTF-8"?>
<!-- Generated by org.testng.reporters.JUnitReportReporter -->
<testsuite hostname="DESKTOP-39F4HB5" failures="0" tests="1" name="practiceSDET48.AnnotationTest" time="4.667" errors="0" timestamp="2023-05-25T09:55:10 IST" skipped="0">
  <testcase classname="practiceSDET48.AnnotationTest" name="test" time="4.667"/>
  <system-out/>
</testsuite> <!-- practiceSDET48.AnnotationTest -->
