<?xml version="1.0" encoding="UTF-8"?>
<!-- Generated by org.testng.reporters.JUnitReportReporter -->
<testsuite hostname="DESKTOP-39F4HB5" failures="0" tests="3" name="practiceSDET48.DataProviderUsingExcelSheetTestB" time="0.011" errors="0" timestamp="2023-05-24T12:56:19 IST" skipped="0">
  <testcase classname="practiceSDET48.DataProviderUsingExcelSheetTestB" name="ExcelData" time="0.004"/>
  <system-out/>
  <testcase classname="practiceSDET48.DataProviderUsingExcelSheetTestB" name="ExcelData" time="0.006"/>
  <system-out/>
  <testcase classname="practiceSDET48.DataProviderUsingExcelSheetTestB" name="ExcelData" time="0.001"/>
  <system-out/>
</testsuite> <!-- practiceSDET48.DataProviderUsingExcelSheetTestB -->
