<?xml version="1.0" encoding="UTF-8"?>
<!-- Generated by org.testng.reporters.JUnitReportReporter -->
<testsuite hostname="DESKTOP-39F4HB5" failures="0" tests="1" name="admin_ujetix.ProfileUpdateAdminTest" time="14.566" errors="0" timestamp="2023-05-29T12:20:43 IST" skipped="0">
  <testcase classname="admin_ujetix.ProfileUpdateAdminTest" name="test5" time="14.566"/>
  <system-out>
    <![CDATA[admin home page is displayed
user home page is displayed
profile is updated]]>
  </system-out>
</testsuite> <!-- admin_ujetix.ProfileUpdateAdminTest -->
