<?xml version="1.0" encoding="UTF-8"?>
<!-- Generated by org.testng.reporters.JUnitReportReporter -->
<testsuite hostname="DESKTOP-39F4HB5" failures="0" tests="1" name="admin_ujetix.CreateTourAndWriteUs" time="9.827" errors="0" timestamp="2023-05-25T12:17:53 IST" skipped="0">
  <testcase classname="admin_ujetix.CreateTourAndWriteUs" name="test2" time="9.827"/>
  <system-out/>
</testsuite> <!-- admin_ujetix.CreateTourAndWriteUs -->
