<?xml version="1.0" encoding="UTF-8"?>
<!-- Generated by org.testng.reporters.JUnitReportReporter -->
<testsuite hostname="DESKTOP-39F4HB5" failures="0" tests="3" name="jdbc_training.TestNG_DataProviderTest" time="0.010" errors="0" timestamp="2023-05-23T18:52:38 IST" skipped="0">
  <testcase classname="jdbc_training.TestNG_DataProviderTest" name="test1" time="0.005"/>
  <system-out/>
  <testcase classname="jdbc_training.TestNG_DataProviderTest" name="test1" time="0.003"/>
  <system-out/>
  <testcase classname="jdbc_training.TestNG_DataProviderTest" name="test1" time="0.002"/>
  <system-out/>
</testsuite> <!-- jdbc_training.TestNG_DataProviderTest -->
