<?xml version="1.0" encoding="UTF-8"?>
<!-- Generated by org.testng.reporters.JUnitReportReporter -->
<testsuite hostname="DESKTOP-39F4HB5" failures="0" tests="1" name="admin_ujetix.CreateTourAndWriteUsTest" time="18.745" errors="0" timestamp="2023-05-29T13:11:56 IST" skipped="0">
  <testcase classname="admin_ujetix.CreateTourAndWriteUsTest" name="test2" time="18.745"/>
  <system-out>
    <![CDATA[admin home page is displayed
user home page is displayed
package is not created]]>
  </system-out>
</testsuite> <!-- admin_ujetix.CreateTourAndWriteUsTest -->
