<?xml version="1.0" encoding="UTF-8"?>
<!-- Generated by org.testng.reporters.JUnitReportReporter -->
<testsuite hostname="DESKTOP-39F4HB5" failures="0" tests="3" name="practiceSDET48.DataProviderUsingExcelSheetTest" time="0.015" errors="0" timestamp="2023-05-24T11:34:32 IST" skipped="0">
  <testcase classname="practiceSDET48.DataProviderUsingExcelSheetTest" name="getExceldata" time="0.003"/>
  <system-out/>
  <testcase classname="practiceSDET48.DataProviderUsingExcelSheetTest" name="getExceldata" time="0.009"/>
  <system-out/>
  <testcase classname="practiceSDET48.DataProviderUsingExcelSheetTest" name="getExceldata" time="0.003"/>
  <system-out/>
</testsuite> <!-- practiceSDET48.DataProviderUsingExcelSheetTest -->
