<?xml version="1.0" encoding="UTF-8"?>
<!-- Generated by org.testng.reporters.JUnitReportReporter -->
<testsuite hostname="DESKTOP-39F4HB5" failures="0" tests="3" name="jdbc_training.TestNG_DataProviderTest2" time="0.015" errors="0" timestamp="2023-05-23T18:56:55 IST" skipped="0">
  <testcase classname="jdbc_training.TestNG_DataProviderTest2" name="test2" time="0.011"/>
  <system-out/>
  <testcase classname="jdbc_training.TestNG_DataProviderTest2" name="test2" time="0.003"/>
  <system-out/>
  <testcase classname="jdbc_training.TestNG_DataProviderTest2" name="test2" time="0.001"/>
  <system-out/>
</testsuite> <!-- jdbc_training.TestNG_DataProviderTest2 -->
