<?xml version="1.0" encoding="UTF-8"?>
<!-- Generated by org.testng.reporters.JUnitReportReporter -->
<testsuite hostname="DESKTOP-39F4HB5" failures="0" tests="4" name="practiceSDET48.TestNg_dataProvider_Test3" time="0.013" errors="0" timestamp="2023-05-24T11:05:14 IST" skipped="0">
  <testcase classname="practiceSDET48.TestNg_dataProvider_Test3" name="test3" time="0.001"/>
  <system-out/>
  <testcase classname="practiceSDET48.TestNg_dataProvider_Test3" name="test3" time="0.008"/>
  <system-out/>
  <testcase classname="practiceSDET48.TestNg_dataProvider_Test3" name="test3" time="0.001"/>
  <system-out/>
  <testcase classname="practiceSDET48.TestNg_dataProvider_Test3" name="test3" time="0.003"/>
  <system-out/>
</testsuite> <!-- practiceSDET48.TestNg_dataProvider_Test3 -->
