<?xml version="1.0" encoding="UTF-8"?>
<!-- Generated by org.testng.reporters.JUnitReportReporter -->
<testsuite hostname="DESKTOP-39F4HB5" failures="0" tests="3" name="jdbc_training.Practice_TestNg_Test" time="0.014" errors="0" timestamp="2023-05-23T17:17:53 IST" skipped="0">
  <testcase classname="jdbc_training.Practice_TestNg_Test" name="update" time="0.003"/>
  <system-out/>
  <testcase classname="jdbc_training.Practice_TestNg_Test" name="create" time="0.009"/>
  <system-out/>
  <testcase classname="jdbc_training.Practice_TestNg_Test" name="delete" time="0.002"/>
  <system-out/>
</testsuite> <!-- jdbc_training.Practice_TestNg_Test -->
