<?xml version="1.0" encoding="UTF-8"?>
<!-- Generated by org.testng.reporters.JUnitReportReporter -->
<testsuite hostname="DESKTOP-39F4HB5" failures="0" tests="1" name="admin_ujetix.AdminSignupAndSignINTest" time="10.493" errors="0" timestamp="2023-05-29T11:47:29 IST" skipped="0">
  <testcase classname="admin_ujetix.AdminSignupAndSignINTest" name="test6" time="10.493"/>
  <system-out>
    <![CDATA[admin home page is displayed sucessfully
user home page is displayed sucessfully
updated sucessfully
admin home page is displayed sucessfully]]>
  </system-out>
</testsuite> <!-- admin_ujetix.AdminSignupAndSignINTest -->
