<?xml version="1.0" encoding="UTF-8"?>
<!-- Generated by org.testng.reporters.JUnitReportReporter -->
<testsuite hostname="DESKTOP-39F4HB5" failures="0" tests="4" name="jdbc_training.TestNG_DataProvider_Test2B" time="0.022" errors="0" timestamp="2023-05-23T18:32:02 IST" skipped="0">
  <testcase classname="jdbc_training.TestNG_DataProvider_Test2B" name="test2" time="0.012"/>
  <system-out/>
  <testcase classname="jdbc_training.TestNG_DataProvider_Test2B" name="test2" time="0.003"/>
  <system-out/>
  <testcase classname="jdbc_training.TestNG_DataProvider_Test2B" name="test2" time="0.003"/>
  <system-out/>
  <testcase classname="jdbc_training.TestNG_DataProvider_Test2B" name="test2" time="0.004"/>
  <system-out/>
</testsuite> <!-- jdbc_training.TestNG_DataProvider_Test2B -->
