<?xml version="1.0" encoding="UTF-8"?>
<!-- Generated by org.testng.reporters.JUnitReportReporter -->
<testsuite hostname="DESKTOP-39F4HB5" failures="0" tests="4" name="jdbc_training.TestNg_dataProvider_Test3" time="0.010" errors="0" timestamp="2023-05-23T19:00:06 IST" skipped="0">
  <testcase classname="jdbc_training.TestNg_dataProvider_Test3" name="test3" time="0.002"/>
  <system-out/>
  <testcase classname="jdbc_training.TestNg_dataProvider_Test3" name="test3" time="0.005"/>
  <system-out/>
  <testcase classname="jdbc_training.TestNg_dataProvider_Test3" name="test3" time="0.002"/>
  <system-out/>
  <testcase classname="jdbc_training.TestNg_dataProvider_Test3" name="test3" time="0.001"/>
  <system-out/>
</testsuite> <!-- jdbc_training.TestNg_dataProvider_Test3 -->
