<?xml version="1.0" encoding="UTF-8"?>
<!-- Generated by org.testng.reporters.JUnitReportReporter -->
<testsuite hostname="DESKTOP-39F4HB5" failures="0" tests="1" name="admin_ujetix.CreateTourAndWriteUsAndlogoutTest" time="18.720" errors="0" timestamp="2023-05-29T13:11:56 IST" skipped="0">
  <testcase classname="admin_ujetix.CreateTourAndWriteUsAndlogoutTest" name="test4" time="18.720"/>
  <system-out>
    <![CDATA[Package Created Successfully
package created is verified ]]>
  </system-out>
</testsuite> <!-- admin_ujetix.CreateTourAndWriteUsAndlogoutTest -->
