<?xml version="1.0" encoding="UTF-8"?>
<!-- Generated by org.testng.reporters.JUnitReportReporter -->
<testsuite hostname="DESKTOP-39F4HB5" failures="0" tests="3" name="jdbc_training.TestNG_DataProvider_Test1B" time="0.011" errors="0" timestamp="2023-05-23T18:36:08 IST" skipped="0">
  <testcase classname="jdbc_training.TestNG_DataProvider_Test1B" name="test2" time="0.008"/>
  <system-out/>
  <testcase classname="jdbc_training.TestNG_DataProvider_Test1B" name="test2" time="0.002"/>
  <system-out/>
  <testcase classname="jdbc_training.TestNG_DataProvider_Test1B" name="test2" time="0.001"/>
  <system-out/>
</testsuite> <!-- jdbc_training.TestNG_DataProvider_Test1B -->
